# JRE version: OpenJDK Runtime Environment (11.0.15) (build 11.0.15+0-b2043.56-9505619)
# Java VM: OpenJDK 64-Bit Server VM (11.0.15+0-b2043.56-9505619, mixed mode, tiered, compressed oops, g1 gc, windows-amd64)
Heap:
 garbage-first heap   total 114688K, used 82944K [0x00000000a0000000, 0x0000000100000000)
  region size 1024K, 17 young (17408K), 4 survivors (4096K)
 Metaspace       used 73987K, capacity 75805K, committed 75984K, reserved 1116160K
  class space    used 9313K, capacity 10006K, committed 10016K, reserved 1048576K
GC Heap History (20 events):
Event: 42.188 GC heap before
{Heap before GC invocations=55 (full 0):
 garbage-first heap   total 78848K, used 65962K [0x00000000a0000000, 0x0000000100000000)
  region size 1024K, 11 young (11264K), 2 survivors (2048K)
 Metaspace       used 66551K, capacity 68245K, committed 68432K, reserved 1107968K
  class space    used 8409K, capacity 9067K, committed 9120K, reserved 1048576K
}
Event: 42.197 GC heap after
{Heap after GC invocations=56 (full 0):
 garbage-first heap   total 78848K, used 58970K [0x00000000a0000000, 0x0000000100000000)
  region size 1024K, 2 young (2048K), 2 survivors (2048K)
 Metaspace       used 66551K, capacity 68245K, committed 68432K, reserved 1107968K
  class space    used 8409K, capacity 9067K, committed 9120K, reserved 1048576K
}
Event: 42.710 GC heap before
{Heap before GC invocations=57 (full 0):
 garbage-first heap   total 78848K, used 67162K [0x00000000a0000000, 0x0000000100000000)
  region size 1024K, 10 young (10240K), 2 survivors (2048K)
 Metaspace       used 67390K, capacity 69147K, committed 69328K, reserved 1110016K
  class space    used 8511K, capacity 9196K, committed 9248K, reserved 1048576K
}
Event: 42.717 GC heap after
{Heap after GC invocations=58 (full 0):
 garbage-first heap   total 78848K, used 59385K [0x00000000a0000000, 0x0000000100000000)
  region size 1024K, 1 young (1024K), 1 survivors (1024K)
 Metaspace       used 67390K, capacity 69147K, committed 69328K, reserved 1110016K
  class space    used 8511K, capacity 9196K, committed 9248K, reserved 1048576K
}
Event: 43.035 GC heap before
{Heap before GC invocations=58 (full 0):
 garbage-first heap   total 78848K, used 66553K [0x00000000a0000000, 0x0000000100000000)
  region size 1024K, 8 young (8192K), 1 survivors (1024K)
 Metaspace       used 68049K, capacity 69809K, committed 69968K, reserved 1110016K
  class space    used 8592K, capacity 9263K, committed 9376K, reserved 1048576K
}
Event: 43.039 GC heap after
{Heap after GC invocations=59 (full 0):
 garbage-first heap   total 95232K, used 59806K [0x00000000a0000000, 0x0000000100000000)
  region size 1024K, 1 young (1024K), 1 survivors (1024K)
 Metaspace       used 68049K, capacity 69809K, committed 69968K, reserved 1110016K
  class space    used 8592K, capacity 9263K, committed 9376K, reserved 1048576K
}
Event: 43.758 GC heap before
{Heap before GC invocations=60 (full 0):
 garbage-first heap   total 95232K, used 74142K [0x00000000a0000000, 0x0000000100000000)
  region size 1024K, 15 young (15360K), 1 survivors (1024K)
 Metaspace       used 69103K, capacity 70822K, committed 70992K, reserved 1112064K
  class space    used 8709K, capacity 9364K, committed 9376K, reserved 1048576K
}
Event: 43.763 GC heap after
{Heap after GC invocations=61 (full 0):
 garbage-first heap   total 95232K, used 60575K [0x00000000a0000000, 0x0000000100000000)
  region size 1024K, 2 young (2048K), 2 survivors (2048K)
 Metaspace       used 69103K, capacity 70822K, committed 70992K, reserved 1112064K
  class space    used 8709K, capacity 9364K, committed 9376K, reserved 1048576K
}
Event: 44.212 GC heap before
{Heap before GC invocations=61 (full 0):
 garbage-first heap   total 95232K, used 74911K [0x00000000a0000000, 0x0000000100000000)
  region size 1024K, 16 young (16384K), 2 survivors (2048K)
 Metaspace       used 70050K, capacity 71814K, committed 71888K, reserved 1112064K
  class space    used 8848K, capacity 9502K, committed 9504K, reserved 1048576K
}
Event: 44.217 GC heap after
{Heap after GC invocations=62 (full 0):
 garbage-first heap   total 95232K, used 61361K [0x00000000a0000000, 0x0000000100000000)
  region size 1024K, 2 young (2048K), 2 survivors (2048K)
 Metaspace       used 70050K, capacity 71814K, committed 71888K, reserved 1112064K
  class space    used 8848K, capacity 9502K, committed 9504K, reserved 1048576K
}
Event: 44.848 GC heap before
{Heap before GC invocations=63 (full 0):
 garbage-first heap   total 95232K, used 75697K [0x00000000a0000000, 0x0000000100000000)
  region size 1024K, 16 young (16384K), 2 survivors (2048K)
 Metaspace       used 71079K, capacity 72753K, committed 72912K, reserved 1112064K
  class space    used 8987K, capacity 9638K, committed 9760K, reserved 1048576K
}
Event: 44.855 GC heap after
{Heap after GC invocations=64 (full 0):
 garbage-first heap   total 95232K, used 61718K [0x00000000a0000000, 0x0000000100000000)
  region size 1024K, 2 young (2048K), 2 survivors (2048K)
 Metaspace       used 71079K, capacity 72753K, committed 72912K, reserved 1112064K
  class space    used 8987K, capacity 9638K, committed 9760K, reserved 1048576K
}
Event: 45.453 GC heap before
{Heap before GC invocations=64 (full 0):
 garbage-first heap   total 95232K, used 76054K [0x00000000a0000000, 0x0000000100000000)
  region size 1024K, 16 young (16384K), 2 survivors (2048K)
 Metaspace       used 72485K, capacity 74274K, committed 74576K, reserved 1114112K
  class space    used 9152K, capacity 9825K, committed 9888K, reserved 1048576K
}
Event: 45.460 GC heap after
{Heap after GC invocations=65 (full 0):
 garbage-first heap   total 95232K, used 62403K [0x00000000a0000000, 0x0000000100000000)
  region size 1024K, 2 young (2048K), 2 survivors (2048K)
 Metaspace       used 72485K, capacity 74274K, committed 74576K, reserved 1114112K
  class space    used 9152K, capacity 9825K, committed 9888K, reserved 1048576K
}
Event: 46.492 GC heap before
{Heap before GC invocations=66 (full 0):
 garbage-first heap   total 95232K, used 77763K [0x00000000a0000000, 0x0000000100000000)
  region size 1024K, 17 young (17408K), 2 survivors (2048K)
 Metaspace       used 73484K, capacity 75365K, committed 75472K, reserved 1114112K
  class space    used 9274K, capacity 9932K, committed 10016K, reserved 1048576K
}
Event: 46.500 GC heap after
{Heap after GC invocations=67 (full 0):
 garbage-first heap   total 95232K, used 63523K [0x00000000a0000000, 0x0000000100000000)
  region size 1024K, 3 young (3072K), 3 survivors (3072K)
 Metaspace       used 73484K, capacity 75365K, committed 75472K, reserved 1114112K
  class space    used 9274K, capacity 9932K, committed 10016K, reserved 1048576K
}
Event: 47.148 GC heap before
{Heap before GC invocations=67 (full 0):
 garbage-first heap   total 95232K, used 77859K [0x00000000a0000000, 0x0000000100000000)
  region size 1024K, 17 young (17408K), 3 survivors (3072K)
 Metaspace       used 73772K, capacity 75605K, committed 75728K, reserved 1116160K
  class space    used 9279K, capacity 9938K, committed 10016K, reserved 1048576K
}
Event: 47.160 GC heap after
{Heap after GC invocations=68 (full 0):
 garbage-first heap   total 114688K, used 64357K [0x00000000a0000000, 0x0000000100000000)
  region size 1024K, 2 young (2048K), 2 survivors (2048K)
 Metaspace       used 73772K, capacity 75605K, committed 75728K, reserved 1116160K
  class space    used 9279K, capacity 9938K, committed 10016K, reserved 1048576K
}
Event: 47.549 GC heap before
{Heap before GC invocations=69 (full 0):
 garbage-first heap   total 114688K, used 71525K [0x00000000a0000000, 0x0000000100000000)
  region size 1024K, 9 young (9216K), 2 survivors (2048K)
 Metaspace       used 73878K, capacity 75701K, committed 75984K, reserved 1116160K
  class space    used 9304K, capacity 9970K, committed 10016K, reserved 1048576K
}
Event: 47.567 GC heap after
{Heap after GC invocations=70 (full 0):
 garbage-first heap   total 114688K, used 69632K [0x00000000a0000000, 0x0000000100000000)
  region size 1024K, 4 young (4096K), 4 survivors (4096K)
 Metaspace       used 73878K, capacity 75701K, committed 75984K, reserved 1116160K
  class space    used 9304K, capacity 9970K, committed 10016K, reserved 1048576K
}

