# JRE version: OpenJDK Runtime Environment (11.0.15) (build 11.0.15+0-b2043.56-9505619)
# Java VM: OpenJDK 64-Bit Server VM (11.0.15+0-b2043.56-9505619, mixed mode, tiered, compressed oops, g1 gc, windows-amd64)
Heap:
 garbage-first heap   total 165888K, used 114056K [0x00000000a0000000, 0x0000000100000000)
  region size 1024K, 33 young (33792K), 7 survivors (7168K)
 Metaspace       used 88107K, capacity 90581K, committed 90704K, reserved 1128448K
  class space    used 11550K, capacity 12481K, committed 12544K, reserved 1048576K
GC Heap History (20 events):
Event: 42.126 GC heap before
{Heap before GC invocations=56 (full 0):
 garbage-first heap   total 114688K, used 87095K [0x00000000a0000000, 0x0000000100000000)
  region size 1024K, 27 young (27648K), 3 survivors (3072K)
 Metaspace       used 68392K, capacity 70149K, committed 70352K, reserved 1110016K
  class space    used 8608K, capacity 9296K, committed 9344K, reserved 1048576K
}
Event: 42.139 GC heap after
{Heap after GC invocations=57 (full 0):
 garbage-first heap   total 114688K, used 67182K [0x00000000a0000000, 0x0000000100000000)
  region size 1024K, 4 young (4096K), 4 survivors (4096K)
 Metaspace       used 68392K, capacity 70149K, committed 70352K, reserved 1110016K
  class space    used 8608K, capacity 9296K, committed 9344K, reserved 1048576K
}
Event: 42.606 GC heap before
{Heap before GC invocations=57 (full 0):
 garbage-first heap   total 114688K, used 88686K [0x00000000a0000000, 0x0000000100000000)
  region size 1024K, 25 young (25600K), 4 survivors (4096K)
 Metaspace       used 68656K, capacity 70577K, committed 70736K, reserved 1110016K
  class space    used 8653K, capacity 9374K, committed 9472K, reserved 1048576K
}
Event: 42.622 GC heap after
{Heap after GC invocations=58 (full 0):
 garbage-first heap   total 114688K, used 68634K [0x00000000a0000000, 0x0000000100000000)
  region size 1024K, 2 young (2048K), 2 survivors (2048K)
 Metaspace       used 68656K, capacity 70577K, committed 70736K, reserved 1110016K
  class space    used 8653K, capacity 9374K, committed 9472K, reserved 1048576K
}
Event: 43.538 GC heap before
{Heap before GC invocations=59 (full 0):
 garbage-first heap   total 114688K, used 90138K [0x00000000a0000000, 0x0000000100000000)
  region size 1024K, 23 young (23552K), 2 survivors (2048K)
 Metaspace       used 69473K, capacity 71370K, committed 71632K, reserved 1112064K
  class space    used 8806K, capacity 9537K, committed 9600K, reserved 1048576K
}
Event: 43.549 GC heap after
{Heap after GC invocations=60 (full 0):
 garbage-first heap   total 138240K, used 69128K [0x00000000a0000000, 0x0000000100000000)
  region size 1024K, 2 young (2048K), 2 survivors (2048K)
 Metaspace       used 69473K, capacity 71370K, committed 71632K, reserved 1112064K
  class space    used 8806K, capacity 9537K, committed 9600K, reserved 1048576K
}
Event: 44.342 GC heap before
{Heap before GC invocations=60 (full 0):
 garbage-first heap   total 138240K, used 100872K [0x00000000a0000000, 0x0000000100000000)
  region size 1024K, 33 young (33792K), 2 survivors (2048K)
 Metaspace       used 69812K, capacity 71721K, committed 71888K, reserved 1112064K
  class space    used 8852K, capacity 9586K, committed 9600K, reserved 1048576K
}
Event: 44.353 GC heap after
{Heap after GC invocations=61 (full 0):
 garbage-first heap   total 138240K, used 71082K [0x00000000a0000000, 0x0000000100000000)
  region size 1024K, 4 young (4096K), 4 survivors (4096K)
 Metaspace       used 69812K, capacity 71721K, committed 71888K, reserved 1112064K
  class space    used 8852K, capacity 9586K, committed 9600K, reserved 1048576K
}
Event: 45.487 GC heap before
{Heap before GC invocations=62 (full 0):
 garbage-first heap   total 138240K, used 102826K [0x00000000a0000000, 0x0000000100000000)
  region size 1024K, 35 young (35840K), 4 survivors (4096K)
 Metaspace       used 71449K, capacity 73457K, committed 73680K, reserved 1114112K
  class space    used 9063K, capacity 9803K, committed 9856K, reserved 1048576K
}
Event: 45.502 GC heap after
{Heap after GC invocations=63 (full 0):
 garbage-first heap   total 138240K, used 73238K [0x00000000a0000000, 0x0000000100000000)
  region size 1024K, 5 young (5120K), 5 survivors (5120K)
 Metaspace       used 71449K, capacity 73457K, committed 73680K, reserved 1114112K
  class space    used 9063K, capacity 9803K, committed 9856K, reserved 1048576K
}
Event: 47.005 GC heap before
{Heap before GC invocations=63 (full 0):
 garbage-first heap   total 138240K, used 106006K [0x00000000a0000000, 0x0000000100000000)
  region size 1024K, 37 young (37888K), 5 survivors (5120K)
 Metaspace       used 74956K, capacity 76983K, committed 77136K, reserved 1116160K
  class space    used 9698K, capacity 10436K, committed 10496K, reserved 1048576K
}
Event: 47.027 GC heap after
{Heap after GC invocations=64 (full 0):
 garbage-first heap   total 138240K, used 75047K [0x00000000a0000000, 0x0000000100000000)
  region size 1024K, 4 young (4096K), 4 survivors (4096K)
 Metaspace       used 74956K, capacity 76983K, committed 77136K, reserved 1116160K
  class space    used 9698K, capacity 10436K, committed 10496K, reserved 1048576K
}
Event: 48.692 GC heap before
{Heap before GC invocations=65 (full 0):
 garbage-first heap   total 138240K, used 107815K [0x00000000a0000000, 0x0000000100000000)
  region size 1024K, 36 young (36864K), 4 survivors (4096K)
 Metaspace       used 76637K, capacity 78749K, committed 78928K, reserved 1118208K
  class space    used 9923K, capacity 10679K, committed 10752K, reserved 1048576K
}
Event: 48.753 GC heap after
{Heap after GC invocations=66 (full 0):
 garbage-first heap   total 165888K, used 77773K [0x00000000a0000000, 0x0000000100000000)
  region size 1024K, 5 young (5120K), 5 survivors (5120K)
 Metaspace       used 76637K, capacity 78749K, committed 78928K, reserved 1118208K
  class space    used 9923K, capacity 10679K, committed 10752K, reserved 1048576K
}
Event: 51.138 GC heap before
{Heap before GC invocations=66 (full 0):
 garbage-first heap   total 165888K, used 119757K [0x00000000a0000000, 0x0000000100000000)
  region size 1024K, 46 young (47104K), 5 survivors (5120K)
 Metaspace       used 78545K, capacity 80668K, committed 80848K, reserved 1120256K
  class space    used 10211K, capacity 11049K, committed 11136K, reserved 1048576K
}
Event: 51.158 GC heap after
{Heap after GC invocations=67 (full 0):
 garbage-first heap   total 165888K, used 81636K [0x00000000a0000000, 0x0000000100000000)
  region size 1024K, 6 young (6144K), 6 survivors (6144K)
 Metaspace       used 78545K, capacity 80668K, committed 80848K, reserved 1120256K
  class space    used 10211K, capacity 11049K, committed 11136K, reserved 1048576K
}
Event: 52.847 GC heap before
{Heap before GC invocations=67 (full 0):
 garbage-first heap   total 165888K, used 125668K [0x00000000a0000000, 0x0000000100000000)
  region size 1024K, 49 young (50176K), 6 survivors (6144K)
 Metaspace       used 82272K, capacity 84574K, committed 84816K, reserved 1122304K
  class space    used 10774K, capacity 11679K, committed 11776K, reserved 1048576K
}
Event: 52.905 GC heap after
{Heap after GC invocations=68 (full 0):
 garbage-first heap   total 165888K, used 84344K [0x00000000a0000000, 0x0000000100000000)
  region size 1024K, 6 young (6144K), 6 survivors (6144K)
 Metaspace       used 82272K, capacity 84574K, committed 84816K, reserved 1122304K
  class space    used 10774K, capacity 11679K, committed 11776K, reserved 1048576K
}
Event: 60.169 GC heap before
{Heap before GC invocations=69 (full 0):
 garbage-first heap   total 165888K, used 128376K [0x00000000a0000000, 0x0000000100000000)
  region size 1024K, 49 young (50176K), 6 survivors (6144K)
 Metaspace       used 86373K, capacity 88680K, committed 88912K, reserved 1126400K
  class space    used 11291K, capacity 12177K, committed 12288K, reserved 1048576K
}
Event: 60.289 GC heap after
{Heap after GC invocations=70 (full 0):
 garbage-first heap   total 165888K, used 88456K [0x00000000a0000000, 0x0000000100000000)
  region size 1024K, 7 young (7168K), 7 survivors (7168K)
 Metaspace       used 86373K, capacity 88680K, committed 88912K, reserved 1126400K
  class space    used 11291K, capacity 12177K, committed 12288K, reserved 1048576K
}

